<?xml version="1.0" encoding="UTF-8"?>
<!-- Generated by org.testng.reporters.JUnitReportReporter -->
<testsuite hostname="giri-PC" failures="0" tests="1" name="org.testNg.Test" time="0.027" errors="0" timestamp="2022-08-04T16:22:24 IST" skipped="0">
  <testcase classname="org.testNg.Test" name="test" time="0.027"/>
  <system-out/>
</testsuite> <!-- org.testNg.Test -->
