<?xml version="1.0" encoding="UTF-8"?>
<!-- Generated by org.testng.reporters.JUnitReportReporter -->
<testsuite hostname="giri-PC" failures="0" tests="6" name="org.testNg.PriorityCheck" time="0.099" errors="0" timestamp="2022-08-29T23:54:44 IST" skipped="0">
  <testcase classname="org.testNg.PriorityCheck" name="signin" time="0.074"/>
  <system-out/>
  <testcase classname="org.testNg.PriorityCheck" name="uname" time="0.005"/>
  <system-out/>
  <testcase classname="org.testNg.PriorityCheck" name="Password" time="0.005"/>
  <system-out/>
  <testcase classname="org.testNg.PriorityCheck" name="Mobile" time="0.005"/>
  <system-out/>
  <testcase classname="org.testNg.PriorityCheck" name="id" time="0.006"/>
  <system-out/>
  <testcase classname="org.testNg.PriorityCheck" name="gender" time="0.004"/>
  <system-out/>
</testsuite> <!-- org.testNg.PriorityCheck -->
